<?xml version="1.0" encoding="utf-8"?><testsuites name="pytest tests"><testsuite name="pytest" errors="0" failures="1" skipped="0" tests="4" time="1.666" timestamp="2026-04-22T11:59:39.400750+00:00" hostname="agent-env-a65a2803-95b3-45b6-b9ea-2b7d83f48e2a"><testcase classname="backend.tests.test_inventory_barang_regression.TestInventoryBarangFields" name="test_create_item_with_new_fields_and_verify_persistence" time="0.601" /><testcase classname="backend.tests.test_inventory_barang_regression.TestInventoryBarangFields" name="test_update_item_with_new_fields_and_verify_persistence" time="0.313" /><testcase classname="backend.tests.test_inventory_barang_regression.TestInventoryBarangFields" name="test_search_returns_item_by_notes_and_code" time="0.203" /><testcase classname="backend.tests.test_inventory_barang_regression.TestInventoryBarangFields" name="test_non_admin_cannot_update_item" time="0.442"><failure message="assert 200 == 403&#10; +  where 200 = &lt;Response [200]&gt;.status_code">backend/tests/test_inventory_barang_regression.py:180: in test_non_admin_cannot_update_item
    assert update_response.status_code == 403
E   assert 200 == 403
E    +  where 200 = &lt;Response [200]&gt;.status_code</failure></testcase></testsuite></testsuites>