<?xml version="1.0" encoding="utf-8"?><testsuites name="pytest tests"><testsuite name="pytest" errors="0" failures="1" skipped="0" tests="8" time="2.454" timestamp="2026-04-24T04:33:46.617928+00:00" hostname="agent-env-a65a2803-95b3-45b6-b9ea-2b7d83f48e2a"><testcase classname="backend.tests.test_cashier_redesign_regression.TestCashierBackendFlows" name="test_customer_mode_konsumen_uses_consumer_price" time="0.665" /><testcase classname="backend.tests.test_cashier_redesign_regression.TestCashierBackendFlows" name="test_customer_mode_bengkel_uses_workshop_price" time="0.264" /><testcase classname="backend.tests.test_cashier_redesign_regression.TestCashierBackendFlows" name="test_payment_summary_supports_discount_partial_debt_and_change" time="0.274" /><testcase classname="backend.tests.test_cashier_redesign_regression.TestCashierBackendFlows" name="test_update_existing_transaction_loads_and_persists_without_crash" time="0.310" /><testcase classname="backend.tests.test_cashier_redesign_regression.TestAuthPlaybookChecks" name="test_login_sets_http_only_access_and_refresh_cookies" time="0.000" /><testcase classname="backend.tests.test_cashier_redesign_regression.TestAuthPlaybookChecks" name="test_cors_credentials_uses_explicit_origin_not_wildcard" time="0.017"><failure message="AssertionError: assert '' == 'true'&#10;  &#10;  - true">backend/tests/test_cashier_redesign_regression.py:308: in test_cors_credentials_uses_explicit_origin_not_wildcard
    assert allow_credentials.lower() == "true"
E   AssertionError: assert '' == 'true'
E     
E     - true</failure></testcase><testcase classname="backend.tests.test_cashier_redesign_regression.TestAuthPlaybookChecks" name="test_bruteforce_lockout_after_five_failed_attempts" time="0.284" /><testcase classname="backend.tests.test_cashier_redesign_regression.TestAuthPlaybookChecks" name="test_seeded_owner_password_hash_starts_with_2b" time="0.540" /></testsuite></testsuites>